Performing C SOURCE FILE Test CMAKE_HAVE_LIBC_PTHREAD failed with the following output:
Change Dir: /home/jan/OrgFiles/College/OS/Assignments/Assign2/assignment-2-jan/CMakeFiles/CMakeTmp

Run Build Command(s):/usr/bin/make -f Makefile cmTC_6f26b/fast && /usr/bin/make  -f CMakeFiles/cmTC_6f26b.dir/build.make CMakeFiles/cmTC_6f26b.dir/build
make[1]: 进入目录“/home/jan/OrgFiles/College/OS/Assignments/Assign2/assignment-2-jan/CMakeFiles/CMakeTmp”
Building C object CMakeFiles/cmTC_6f26b.dir/src.c.o
/usr/bin/cc -DCMAKE_HAVE_LIBC_PTHREAD   -o CMakeFiles/cmTC_6f26b.dir/src.c.o -c /home/jan/OrgFiles/College/OS/Assignments/Assign2/assignment-2-jan/CMakeFiles/CMakeTmp/src.c
Linking C executable cmTC_6f26b
/usr/bin/cmake -E cmake_link_script CMakeFiles/cmTC_6f26b.dir/link.txt --verbose=1
/usr/bin/cc -rdynamic CMakeFiles/cmTC_6f26b.dir/src.c.o -o cmTC_6f26b 
/usr/bin/ld: CMakeFiles/cmTC_6f26b.dir/src.c.o: in function `main':
src.c:(.text+0x3e): undefined reference to `pthread_create'
/usr/bin/ld: src.c:(.text+0x4a): undefined reference to `pthread_detach'
/usr/bin/ld: src.c:(.text+0x56): undefined reference to `pthread_cancel'
/usr/bin/ld: src.c:(.text+0x67): undefined reference to `pthread_join'
collect2: 错误：ld 返回 1
make[1]: *** [CMakeFiles/cmTC_6f26b.dir/build.make:99：cmTC_6f26b] 错误 1
make[1]: 离开目录“/home/jan/OrgFiles/College/OS/Assignments/Assign2/assignment-2-jan/CMakeFiles/CMakeTmp”
make: *** [Makefile:127：cmTC_6f26b/fast] 错误 2


Source file was:
#include <pthread.h>

static void* test_func(void* data)
{
  return data;
}

int main(void)
{
  pthread_t thread;
  pthread_create(&thread, NULL, test_func, NULL);
  pthread_detach(thread);
  pthread_cancel(thread);
  pthread_join(thread, NULL);
  pthread_atfork(NULL, NULL, NULL);
  pthread_exit(NULL);

  return 0;
}

Determining if the function pthread_create exists in the pthreads failed with the following output:
Change Dir: /home/jan/OrgFiles/College/OS/Assignments/Assign2/assignment-2-jan/CMakeFiles/CMakeTmp

Run Build Command(s):/usr/bin/make -f Makefile cmTC_10f3e/fast && /usr/bin/make  -f CMakeFiles/cmTC_10f3e.dir/build.make CMakeFiles/cmTC_10f3e.dir/build
make[1]: 进入目录“/home/jan/OrgFiles/College/OS/Assignments/Assign2/assignment-2-jan/CMakeFiles/CMakeTmp”
Building C object CMakeFiles/cmTC_10f3e.dir/CheckFunctionExists.c.o
/usr/bin/cc   -DCHECK_FUNCTION_EXISTS=pthread_create -o CMakeFiles/cmTC_10f3e.dir/CheckFunctionExists.c.o -c /usr/share/cmake-3.21/Modules/CheckFunctionExists.c
Linking C executable cmTC_10f3e
/usr/bin/cmake -E cmake_link_script CMakeFiles/cmTC_10f3e.dir/link.txt --verbose=1
/usr/bin/cc  -DCHECK_FUNCTION_EXISTS=pthread_create -rdynamic CMakeFiles/cmTC_10f3e.dir/CheckFunctionExists.c.o -o cmTC_10f3e  -lpthreads 
/usr/bin/ld: 找不到 -lpthreads
collect2: 错误：ld 返回 1
make[1]: *** [CMakeFiles/cmTC_10f3e.dir/build.make:99：cmTC_10f3e] 错误 1
make[1]: 离开目录“/home/jan/OrgFiles/College/OS/Assignments/Assign2/assignment-2-jan/CMakeFiles/CMakeTmp”
make: *** [Makefile:127：cmTC_10f3e/fast] 错误 2



